  type: mpgp
  last QPSSolve CONVERGED due to CONVERGED_RTOL, KSPReason=2, required 49 iterations
  all 1 QPSSolves from last QPSReset/QPSResetStatistics have required 49 iterations
  tolerances: rtol=1.0e-01, abstol=1.0e-50, dtol=1.0e+100, maxits=10000
  mpgp specific:
    from the last QPSReset:
    number of Hessian multiplications 98
    number of CG steps 0
    number of expansion steps 48
    number of proportioning steps 1
  type: binary
  model parameters:
    ||w||=2.3027    bias=0.0000    margin=0.8686    NSV=44
  L1 hinge loss:
    sum(xi_i)=60.5409
  objective functions:
    primalObj=63.1920    dualObj=61.7067    gap=1.4854
  type: seq
-1.
1.
-1.
-1.
1.
-1.
-1.
-1.
1.
1.
1.
-1.
-1.
1.
1.
-1.
-1.
-1.
1.
-1.
-1.
-1.
1.
1.
-1.
-1.
1.
-1.
1.
-1.
1.
-1.
-1.
-1.
1.
1.
-1.
-1.
1.
1.
-1.
-1.
1.
-1.
-1.
-1.
1.
1.
-1.
-1.
1.
-1.
1.
1.
1.
-1.
-1.
1.
-1.
1.
1.
-1.
-1.
-1.
1.
-1.
1.
-1.
1.
-1.
1.
-1.
1.
-1.
-1.
-1.
-1.
-1.
-1.
-1.
1.
1.
1.
-1.
-1.
1.
1.
1.
-1.
-1.
1.
-1.
1.
1.
1.
-1.
1.
-1.
1.
1.
-1.
-1.
-1.
1.
-1.
-1.
1.
1.
-1.
1.
1.
1.
1.
1.
1.
1.
-1.
1.
1.
1.
1.
-1.
-1.
1.
-1.
-1.
1.
-1.
1.
1.
1.
1.
-1.
-1.
1.
-1.
-1.
-1.
-1.
1.
-1.
-1.
-1.
-1.
1.
1.
-1.
-1.
-1.
1.
-1.
1.
-1.
-1.
-1.
-1.
-1.
1.
-1.
1.
-1.
-1.
1.
1.
-1.
1.
1.
-1.
1.
-1.
-1.
1.
-1.
1.
1.
1.
-1.
-1.
-1.
-1.
  type: binary
  model performance score with training parameters C=1.000, mod=2, loss=L1:
    Confusion matrix:
      TP =   27      FP =    9
      FN =    7      TN =   47
    Classification report:
      label	precision	recall	F1	Jaccard index
      -1.0  	0.8704		0.8393	0.8545	0.7460
      1.0  	0.7500		0.7941	0.7714	0.6279
      mean  	0.8102		0.8167	0.8130	0.6870
      accuracy = 0.8222
      auc_roc  = 0.8167
  type: seq
1.
-1.
-1.
-1.
-1.
-1.
1.
-1.
-1.
-1.
-1.
1.
1.
1.
-1.
-1.
1.
-1.
1.
-1.
1.
-1.
1.
-1.
-1.
1.
-1.
1.
-1.
-1.
-1.
-1.
1.
-1.
-1.
1.
1.
-1.
1.
-1.
-1.
-1.
-1.
-1.
-1.
-1.
-1.
1.
1.
1.
-1.
-1.
-1.
1.
-1.
1.
-1.
1.
-1.
-1.
1.
1.
1.
1.
1.
-1.
-1.
-1.
-1.
-1.
-1.
-1.
-1.
-1.
-1.
-1.
-1.
1.
1.
-1.
-1.
1.
-1.
1.
1.
1.
1.
-1.
1.
-1.
