  type: mpgp
  last QPSSolve CONVERGED due to CONVERGED_ATOL, KSPReason=3, required 122 iterations
  all 1 QPSSolves from last QPSReset/QPSResetStatistics have required 122 iterations
  tolerances: rtol=1.0e-01, abstol=1.0e-02, dtol=1.0e+100, maxits=10000
  mpgp specific:
    from the last QPSReset:
    number of Hessian multiplications 200
    number of CG steps 44
    number of expansion steps 77
    number of proportioning steps 1
  type: binary
  model parameters:
    ||w||=2.1926    bias=0.0000    margin=0.9121    NSV=12
  L1 hinge loss:
    sum(xi_i)=60.3532
  objective functions:
    primalObj=62.7570    dualObj=62.7426    gap=0.0144
  type: binary
  model performance score with training parameters C=1.000, mod=2, loss=L1:
    Confusion matrix:
      TP =   27      FP =    9
      FN =    8      TN =   46
    Classification report:
      label	precision	recall	F1	Jaccard index
      -1.0  	0.8519		0.8364	0.8440	0.7302
      1.0  	0.7500		0.7714	0.7606	0.6136
      mean  	0.8009		0.8039	0.8023	0.6719
      accuracy = 0.8111
      auc_roc  = 0.8039
